CRITICAL - 2022-12-16 22:24:12 --> There is no primary key defined when trying to make insert.
in SYSTEMPATH/Model.php on line 269.
 1 SYSTEMPATH/Model.php(269): CodeIgniter\Database\Exceptions\DataException::forEmptyPrimaryKey()
 2 SYSTEMPATH/BaseModel.php(749): CodeIgniter\Model->doInsert()
 3 SYSTEMPATH/Model.php(667): CodeIgniter\BaseModel->insert()
 4 APPPATH/Controllers/Jadwal.php(37): CodeIgniter\Model->insert()
 5 SYSTEMPATH/CodeIgniter.php(927): App\Controllers\Jadwal->create()
 6 SYSTEMPATH/CodeIgniter.php(482): CodeIgniter\CodeIgniter->runController()
 7 SYSTEMPATH/CodeIgniter.php(351): CodeIgniter\CodeIgniter->handleRequest()
 8 FCPATH/index.php(67): CodeIgniter\CodeIgniter->run()
 9 SYSTEMPATH/Commands/Server/rewrite.php(46): require_once('FCPATH/index.php')
CRITICAL - 2022-12-16 22:24:18 --> There is no primary key defined when trying to make insert.
in SYSTEMPATH/Model.php on line 269.
 1 SYSTEMPATH/Model.php(269): CodeIgniter\Database\Exceptions\DataException::forEmptyPrimaryKey()
 2 SYSTEMPATH/BaseModel.php(749): CodeIgniter\Model->doInsert()
 3 SYSTEMPATH/Model.php(667): CodeIgniter\BaseModel->insert()
 4 APPPATH/Controllers/Jadwal.php(37): CodeIgniter\Model->insert()
 5 SYSTEMPATH/CodeIgniter.php(927): App\Controllers\Jadwal->create()
 6 SYSTEMPATH/CodeIgniter.php(482): CodeIgniter\CodeIgniter->runController()
 7 SYSTEMPATH/CodeIgniter.php(351): CodeIgniter\CodeIgniter->handleRequest()
 8 FCPATH/index.php(67): CodeIgniter\CodeIgniter->run()
 9 SYSTEMPATH/Commands/Server/rewrite.php(46): require_once('FCPATH/index.php')
CRITICAL - 2022-12-16 22:25:11 --> There is no primary key defined when trying to make insert.
in SYSTEMPATH/Model.php on line 269.
 1 SYSTEMPATH/Model.php(269): CodeIgniter\Database\Exceptions\DataException::forEmptyPrimaryKey()
 2 SYSTEMPATH/BaseModel.php(749): CodeIgniter\Model->doInsert()
 3 SYSTEMPATH/Model.php(667): CodeIgniter\BaseModel->insert()
 4 APPPATH/Controllers/Jadwal.php(37): CodeIgniter\Model->insert()
 5 SYSTEMPATH/CodeIgniter.php(927): App\Controllers\Jadwal->create()
 6 SYSTEMPATH/CodeIgniter.php(482): CodeIgniter\CodeIgniter->runController()
 7 SYSTEMPATH/CodeIgniter.php(351): CodeIgniter\CodeIgniter->handleRequest()
 8 FCPATH/index.php(67): CodeIgniter\CodeIgniter->run()
 9 SYSTEMPATH/Commands/Server/rewrite.php(46): require_once('FCPATH/index.php')
CRITICAL - 2022-12-16 22:25:18 --> There is no primary key defined when trying to make insert.
in SYSTEMPATH/Model.php on line 269.
 1 SYSTEMPATH/Model.php(269): CodeIgniter\Database\Exceptions\DataException::forEmptyPrimaryKey()
 2 SYSTEMPATH/BaseModel.php(749): CodeIgniter\Model->doInsert()
 3 SYSTEMPATH/Model.php(667): CodeIgniter\BaseModel->insert()
 4 APPPATH/Controllers/Jadwal.php(37): CodeIgniter\Model->insert()
 5 SYSTEMPATH/CodeIgniter.php(927): App\Controllers\Jadwal->create()
 6 SYSTEMPATH/CodeIgniter.php(482): CodeIgniter\CodeIgniter->runController()
 7 SYSTEMPATH/CodeIgniter.php(351): CodeIgniter\CodeIgniter->handleRequest()
 8 FCPATH/index.php(67): CodeIgniter\CodeIgniter->run()
 9 SYSTEMPATH/Commands/Server/rewrite.php(46): require_once('FCPATH/index.php')
CRITICAL - 2022-12-16 22:25:57 --> There is no data to insert.
in SYSTEMPATH/BaseModel.php on line 1598.
 1 SYSTEMPATH/BaseModel.php(1598): CodeIgniter\Database\Exceptions\DataException::forEmptyDataset()
 2 SYSTEMPATH/BaseModel.php(709): CodeIgniter\BaseModel->transformDataToArray()
 3 SYSTEMPATH/Model.php(667): CodeIgniter\BaseModel->insert()
 4 APPPATH/Controllers/Jadwal.php(37): CodeIgniter\Model->insert()
 5 SYSTEMPATH/CodeIgniter.php(927): App\Controllers\Jadwal->create()
 6 SYSTEMPATH/CodeIgniter.php(482): CodeIgniter\CodeIgniter->runController()
 7 SYSTEMPATH/CodeIgniter.php(351): CodeIgniter\CodeIgniter->handleRequest()
 8 FCPATH/index.php(67): CodeIgniter\CodeIgniter->run()
 9 SYSTEMPATH/Commands/Server/rewrite.php(46): require_once('FCPATH/index.php')
CRITICAL - 2022-12-16 22:26:19 --> There is no data to insert.
in SYSTEMPATH/BaseModel.php on line 1598.
 1 SYSTEMPATH/BaseModel.php(1598): CodeIgniter\Database\Exceptions\DataException::forEmptyDataset()
 2 SYSTEMPATH/BaseModel.php(709): CodeIgniter\BaseModel->transformDataToArray()
 3 SYSTEMPATH/Model.php(667): CodeIgniter\BaseModel->insert()
 4 APPPATH/Controllers/Jadwal.php(37): CodeIgniter\Model->insert()
 5 SYSTEMPATH/CodeIgniter.php(927): App\Controllers\Jadwal->create()
 6 SYSTEMPATH/CodeIgniter.php(482): CodeIgniter\CodeIgniter->runController()
 7 SYSTEMPATH/CodeIgniter.php(351): CodeIgniter\CodeIgniter->handleRequest()
 8 FCPATH/index.php(67): CodeIgniter\CodeIgniter->run()
 9 SYSTEMPATH/Commands/Server/rewrite.php(46): require_once('FCPATH/index.php')
CRITICAL - 2022-12-16 22:27:09 --> There is no data to insert.
in SYSTEMPATH/BaseModel.php on line 1598.
 1 SYSTEMPATH/BaseModel.php(1598): CodeIgniter\Database\Exceptions\DataException::forEmptyDataset()
 2 SYSTEMPATH/BaseModel.php(709): CodeIgniter\BaseModel->transformDataToArray()
 3 SYSTEMPATH/Model.php(667): CodeIgniter\BaseModel->insert()
 4 APPPATH/Controllers/Jadwal.php(37): CodeIgniter\Model->insert()
 5 SYSTEMPATH/CodeIgniter.php(927): App\Controllers\Jadwal->create()
 6 SYSTEMPATH/CodeIgniter.php(482): CodeIgniter\CodeIgniter->runController()
 7 SYSTEMPATH/CodeIgniter.php(351): CodeIgniter\CodeIgniter->handleRequest()
 8 FCPATH/index.php(67): CodeIgniter\CodeIgniter->run()
 9 SYSTEMPATH/Commands/Server/rewrite.php(46): require_once('FCPATH/index.php')
CRITICAL - 2022-12-16 22:28:19 --> There is no primary key defined when trying to make insert.
in SYSTEMPATH/Model.php on line 269.
 1 SYSTEMPATH/Model.php(269): CodeIgniter\Database\Exceptions\DataException::forEmptyPrimaryKey()
 2 SYSTEMPATH/BaseModel.php(749): CodeIgniter\Model->doInsert()
 3 SYSTEMPATH/Model.php(667): CodeIgniter\BaseModel->insert()
 4 APPPATH/Controllers/Jadwal.php(37): CodeIgniter\Model->insert()
 5 SYSTEMPATH/CodeIgniter.php(927): App\Controllers\Jadwal->create()
 6 SYSTEMPATH/CodeIgniter.php(482): CodeIgniter\CodeIgniter->runController()
 7 SYSTEMPATH/CodeIgniter.php(351): CodeIgniter\CodeIgniter->handleRequest()
 8 FCPATH/index.php(67): CodeIgniter\CodeIgniter->run()
 9 SYSTEMPATH/Commands/Server/rewrite.php(46): require_once('FCPATH/index.php')
ERROR - 2022-12-16 22:31:58 --> mysqli_sql_exception: Incorrect table definition; there can be only one auto column and it must be defined as a key in /home/hakim/Drive/progs/php/restapi/system/Database/MySQLi/Connection.php:292
Stack trace:
#0 /home/hakim/Drive/progs/php/restapi/system/Database/MySQLi/Connection.php(292): mysqli->query()
#1 /home/hakim/Drive/progs/php/restapi/system/Database/BaseConnection.php(666): CodeIgniter\Database\MySQLi\Connection->execute()
#2 /home/hakim/Drive/progs/php/restapi/system/Database/BaseConnection.php(593): CodeIgniter\Database\BaseConnection->simpleQuery()
#3 /home/hakim/Drive/progs/php/restapi/system/Database/Forge.php(509): CodeIgniter\Database\BaseConnection->query()
#4 /home/hakim/Drive/progs/php/restapi/app/Database/Migrations/2022-12-17-022512_CobaDB.php(43): CodeIgniter\Database\Forge->createTable()
#5 /home/hakim/Drive/progs/php/restapi/system/Database/MigrationRunner.php(868): App\Database\Migrations\CobaDB->up()
#6 /home/hakim/Drive/progs/php/restapi/system/Database/MigrationRunner.php(187): CodeIgniter\Database\MigrationRunner->migrate()
#7 /home/hakim/Drive/progs/php/restapi/system/Commands/Database/Migrate.php(84): CodeIgniter\Database\MigrationRunner->latest()
#8 /home/hakim/Drive/progs/php/restapi/system/CLI/Commands.php(63): CodeIgniter\Commands\Database\Migrate->run()
#9 /home/hakim/Drive/progs/php/restapi/system/CLI/CommandRunner.php(65): CodeIgniter\CLI\Commands->run()
#10 /home/hakim/Drive/progs/php/restapi/system/CLI/CommandRunner.php(51): CodeIgniter\CLI\CommandRunner->index()
#11 /home/hakim/Drive/progs/php/restapi/system/CodeIgniter.php(920): CodeIgniter\CLI\CommandRunner->_remap()
#12 /home/hakim/Drive/progs/php/restapi/system/CodeIgniter.php(482): CodeIgniter\CodeIgniter->runController()
#13 /home/hakim/Drive/progs/php/restapi/system/CodeIgniter.php(347): CodeIgniter\CodeIgniter->handleRequest()
#14 /home/hakim/Drive/progs/php/restapi/system/CLI/Console.php(48): CodeIgniter\CodeIgniter->run()
#15 /home/hakim/Drive/progs/php/restapi/spark(98): CodeIgniter\CLI\Console->run()
#16 {main}
ERROR - 2022-12-16 22:32:24 --> mysqli_sql_exception: Incorrect table definition; there can be only one auto column and it must be defined as a key in /home/hakim/Drive/progs/php/restapi/system/Database/MySQLi/Connection.php:292
Stack trace:
#0 /home/hakim/Drive/progs/php/restapi/system/Database/MySQLi/Connection.php(292): mysqli->query()
#1 /home/hakim/Drive/progs/php/restapi/system/Database/BaseConnection.php(666): CodeIgniter\Database\MySQLi\Connection->execute()
#2 /home/hakim/Drive/progs/php/restapi/system/Database/BaseConnection.php(593): CodeIgniter\Database\BaseConnection->simpleQuery()
#3 /home/hakim/Drive/progs/php/restapi/system/Database/Forge.php(509): CodeIgniter\Database\BaseConnection->query()
#4 /home/hakim/Drive/progs/php/restapi/app/Database/Migrations/2022-12-17-022512_CobaDB.php(43): CodeIgniter\Database\Forge->createTable()
#5 /home/hakim/Drive/progs/php/restapi/system/Database/MigrationRunner.php(868): App\Database\Migrations\CobaDB->up()
#6 /home/hakim/Drive/progs/php/restapi/system/Database/MigrationRunner.php(187): CodeIgniter\Database\MigrationRunner->migrate()
#7 /home/hakim/Drive/progs/php/restapi/system/Commands/Database/Migrate.php(84): CodeIgniter\Database\MigrationRunner->latest()
#8 /home/hakim/Drive/progs/php/restapi/system/CLI/Commands.php(63): CodeIgniter\Commands\Database\Migrate->run()
#9 /home/hakim/Drive/progs/php/restapi/system/CLI/CommandRunner.php(65): CodeIgniter\CLI\Commands->run()
#10 /home/hakim/Drive/progs/php/restapi/system/CLI/CommandRunner.php(51): CodeIgniter\CLI\CommandRunner->index()
#11 /home/hakim/Drive/progs/php/restapi/system/CodeIgniter.php(920): CodeIgniter\CLI\CommandRunner->_remap()
#12 /home/hakim/Drive/progs/php/restapi/system/CodeIgniter.php(482): CodeIgniter\CodeIgniter->runController()
#13 /home/hakim/Drive/progs/php/restapi/system/CodeIgniter.php(347): CodeIgniter\CodeIgniter->handleRequest()
#14 /home/hakim/Drive/progs/php/restapi/system/CLI/Console.php(48): CodeIgniter\CodeIgniter->run()
#15 /home/hakim/Drive/progs/php/restapi/spark(98): CodeIgniter\CLI\Console->run()
#16 {main}
CRITICAL - 2022-12-16 22:34:35 --> syntax error, unexpected token "protected", expecting variable
in APPPATH/Models/Jadwal.php on line 13.
 1 SYSTEMPATH/Autoloader/Autoloader.php(259): CodeIgniter\Autoloader\Autoloader->includeFile()
 2 SYSTEMPATH/Autoloader/Autoloader.php(237): CodeIgniter\Autoloader\Autoloader->loadInNamespace()
 3 [internal function]: CodeIgniter\Autoloader\Autoloader->loadClass()
 4 SYSTEMPATH/RESTful/BaseResource.php(53): class_exists()
 5 SYSTEMPATH/RESTful/BaseResource.php(37): CodeIgniter\RESTful\BaseResource->setModel()
 6 SYSTEMPATH/CodeIgniter.php(890): CodeIgniter\RESTful\BaseResource->initController()
 7 SYSTEMPATH/CodeIgniter.php(473): CodeIgniter\CodeIgniter->createController()
 8 SYSTEMPATH/CodeIgniter.php(351): CodeIgniter\CodeIgniter->handleRequest()
 9 FCPATH/index.php(67): CodeIgniter\CodeIgniter->run()
10 SYSTEMPATH/Commands/Server/rewrite.php(46): require_once('FCPATH/index.php')
CRITICAL - 2022-12-16 22:35:18 --> syntax error, unexpected token "protected", expecting variable
in APPPATH/Models/Jadwal.php on line 13.
 1 SYSTEMPATH/Autoloader/Autoloader.php(259): CodeIgniter\Autoloader\Autoloader->includeFile()
 2 SYSTEMPATH/Autoloader/Autoloader.php(237): CodeIgniter\Autoloader\Autoloader->loadInNamespace()
 3 [internal function]: CodeIgniter\Autoloader\Autoloader->loadClass()
 4 SYSTEMPATH/RESTful/BaseResource.php(53): class_exists()
 5 SYSTEMPATH/RESTful/BaseResource.php(37): CodeIgniter\RESTful\BaseResource->setModel()
 6 SYSTEMPATH/CodeIgniter.php(890): CodeIgniter\RESTful\BaseResource->initController()
 7 SYSTEMPATH/CodeIgniter.php(473): CodeIgniter\CodeIgniter->createController()
 8 SYSTEMPATH/CodeIgniter.php(351): CodeIgniter\CodeIgniter->handleRequest()
 9 FCPATH/index.php(67): CodeIgniter\CodeIgniter->run()
10 SYSTEMPATH/Commands/Server/rewrite.php(46): require_once('FCPATH/index.php')
CRITICAL - 2022-12-16 22:40:36 --> syntax error, unexpected token "protected", expecting variable
in APPPATH/Models/Jadwal.php on line 13.
 1 SYSTEMPATH/Autoloader/Autoloader.php(259): CodeIgniter\Autoloader\Autoloader->includeFile()
 2 SYSTEMPATH/Autoloader/Autoloader.php(237): CodeIgniter\Autoloader\Autoloader->loadInNamespace()
 3 [internal function]: CodeIgniter\Autoloader\Autoloader->loadClass()
 4 SYSTEMPATH/RESTful/BaseResource.php(53): class_exists()
 5 SYSTEMPATH/RESTful/BaseResource.php(37): CodeIgniter\RESTful\BaseResource->setModel()
 6 SYSTEMPATH/CodeIgniter.php(890): CodeIgniter\RESTful\BaseResource->initController()
 7 SYSTEMPATH/CodeIgniter.php(473): CodeIgniter\CodeIgniter->createController()
 8 SYSTEMPATH/CodeIgniter.php(351): CodeIgniter\CodeIgniter->handleRequest()
 9 FCPATH/index.php(67): CodeIgniter\CodeIgniter->run()
10 SYSTEMPATH/Commands/Server/rewrite.php(46): require_once('FCPATH/index.php')
CRITICAL - 2022-12-16 22:41:39 --> There is no data to insert.
in SYSTEMPATH/BaseModel.php on line 1598.
 1 SYSTEMPATH/BaseModel.php(1598): CodeIgniter\Database\Exceptions\DataException::forEmptyDataset()
 2 SYSTEMPATH/BaseModel.php(709): CodeIgniter\BaseModel->transformDataToArray()
 3 SYSTEMPATH/Model.php(667): CodeIgniter\BaseModel->insert()
 4 APPPATH/Controllers/Jadwal.php(37): CodeIgniter\Model->insert()
 5 SYSTEMPATH/CodeIgniter.php(927): App\Controllers\Jadwal->create()
 6 SYSTEMPATH/CodeIgniter.php(482): CodeIgniter\CodeIgniter->runController()
 7 SYSTEMPATH/CodeIgniter.php(351): CodeIgniter\CodeIgniter->handleRequest()
 8 FCPATH/index.php(67): CodeIgniter\CodeIgniter->run()
 9 SYSTEMPATH/Commands/Server/rewrite.php(46): require_once('FCPATH/index.php')
CRITICAL - 2022-12-16 22:41:55 --> There is no data to insert.
in SYSTEMPATH/BaseModel.php on line 1598.
 1 SYSTEMPATH/BaseModel.php(1598): CodeIgniter\Database\Exceptions\DataException::forEmptyDataset()
 2 SYSTEMPATH/BaseModel.php(709): CodeIgniter\BaseModel->transformDataToArray()
 3 SYSTEMPATH/Model.php(667): CodeIgniter\BaseModel->insert()
 4 APPPATH/Controllers/Jadwal.php(37): CodeIgniter\Model->insert()
 5 SYSTEMPATH/CodeIgniter.php(927): App\Controllers\Jadwal->create()
 6 SYSTEMPATH/CodeIgniter.php(482): CodeIgniter\CodeIgniter->runController()
 7 SYSTEMPATH/CodeIgniter.php(351): CodeIgniter\CodeIgniter->handleRequest()
 8 FCPATH/index.php(67): CodeIgniter\CodeIgniter->run()
 9 SYSTEMPATH/Commands/Server/rewrite.php(46): require_once('FCPATH/index.php')
